# Feedback

Group larch: xuanry, zydai66

Commit hash: 52a011988e8ccaa348f11b05316dbb52cf750019

Raw score: 47 / 60

## Checkstyle

Score: 5 / 5

## TfIdfAnalyzer

Score: 24 / 30

-   PASS: (weight=1.0) testComputeRelevanceHasReasonableRuntime
        Description: Tests whether computeRelevance can run quickly for a page with many words
            (order of magnitude 10,000 words per page and 10,000 queries).

-   PASS: (weight=1.0) testConstructorDoesNotMutateInput
-   FAIL: (weight=1.0) testConstructorRuntimeLenient
        Description: Tests whether your constructor can run in under 20 seconds given many pages.
        java.lang.AssertionError: Constructor runtime should be less than 20.0 seconds, but was greater than 20 seconds.
        	at org.junit.Assert.fail(Assert.java:88)
        	at secret.TestSecretTfIdfAnalyzer.assertConstructorRuntimeLessThan(TestSecretTfIdfAnalyzer.java:140)
        	at secret.TestSecretTfIdfAnalyzer.testConstructorRuntimeLenient(TestSecretTfIdfAnalyzer.java:166)
        	at sun.reflect.NativeMethodAccessorImpl.invoke0(Native Method)
        	at sun.reflect.NativeMethodAccessorImpl.invoke(NativeMethodAccessorImpl.java:62)
        	at sun.reflect.DelegatingMethodAccessorImpl.invoke(DelegatingMethodAccessorImpl.java:43)
        	at java.lang.reflect.Method.invoke(Method.java:498)
        	at org.junit.runners.model.FrameworkMethod$1.runReflectiveCall(FrameworkMethod.java:50)
        	at org.junit.internal.runners.model.ReflectiveCallable.run(ReflectiveCallable.java:12)
        	at org.junit.runners.model.FrameworkMethod.invokeExplosively(FrameworkMethod.java:47)
        	at org.junit.internal.runners.statements.InvokeMethod.evaluate(InvokeMethod.java:17)
        	at org.junit.internal.runners.statements.FailOnTimeout$CallableStatement.call(FailOnTimeout.java:298)
        	at org.junit.internal.runners.statements.FailOnTimeout$CallableStatement.call(FailOnTimeout.java:292)
        	at java.util.concurrent.FutureTask.run(FutureTask.java:266)
        	at java.lang.Thread.run(Thread.java:748)

-   FAIL: (weight=0.5) testConstructorRuntimeNormal
        Description: Tests whether your constructor can run in under 10 seconds given many pages.
        java.lang.AssertionError: Constructor runtime should be less than 10.0 seconds, but was greater than 20 seconds.
        	at org.junit.Assert.fail(Assert.java:88)
        	at secret.TestSecretTfIdfAnalyzer.assertConstructorRuntimeLessThan(TestSecretTfIdfAnalyzer.java:140)
        	at secret.TestSecretTfIdfAnalyzer.testConstructorRuntimeNormal(TestSecretTfIdfAnalyzer.java:161)
        	at sun.reflect.NativeMethodAccessorImpl.invoke0(Native Method)
        	at sun.reflect.NativeMethodAccessorImpl.invoke(NativeMethodAccessorImpl.java:62)
        	at sun.reflect.DelegatingMethodAccessorImpl.invoke(DelegatingMethodAccessorImpl.java:43)
        	at java.lang.reflect.Method.invoke(Method.java:498)
        	at org.junit.runners.model.FrameworkMethod$1.runReflectiveCall(FrameworkMethod.java:50)
        	at org.junit.internal.runners.model.ReflectiveCallable.run(ReflectiveCallable.java:12)
        	at org.junit.runners.model.FrameworkMethod.invokeExplosively(FrameworkMethod.java:47)
        	at org.junit.internal.runners.statements.InvokeMethod.evaluate(InvokeMethod.java:17)
        	at org.junit.internal.runners.statements.FailOnTimeout$CallableStatement.call(FailOnTimeout.java:298)
        	at org.junit.internal.runners.statements.FailOnTimeout$CallableStatement.call(FailOnTimeout.java:292)
        	at java.util.concurrent.FutureTask.run(FutureTask.java:266)
        	at java.lang.Thread.run(Thread.java:748)

-   FAIL: (weight=0.5) testConstructorRuntimeStrict
        Description: Tests whether your constructor can run in under 5 seconds given many pages.
        java.lang.AssertionError: Constructor runtime should be less than 5.0 seconds, but was greater than 20 seconds.
        	at org.junit.Assert.fail(Assert.java:88)
        	at secret.TestSecretTfIdfAnalyzer.assertConstructorRuntimeLessThan(TestSecretTfIdfAnalyzer.java:140)
        	at secret.TestSecretTfIdfAnalyzer.testConstructorRuntimeStrict(TestSecretTfIdfAnalyzer.java:156)
        	at sun.reflect.NativeMethodAccessorImpl.invoke0(Native Method)
        	at sun.reflect.NativeMethodAccessorImpl.invoke(NativeMethodAccessorImpl.java:62)
        	at sun.reflect.DelegatingMethodAccessorImpl.invoke(DelegatingMethodAccessorImpl.java:43)
        	at java.lang.reflect.Method.invoke(Method.java:498)
        	at org.junit.runners.model.FrameworkMethod$1.runReflectiveCall(FrameworkMethod.java:50)
        	at org.junit.internal.runners.model.ReflectiveCallable.run(ReflectiveCallable.java:12)
        	at org.junit.runners.model.FrameworkMethod.invokeExplosively(FrameworkMethod.java:47)
        	at org.junit.internal.runners.statements.InvokeMethod.evaluate(InvokeMethod.java:17)
        	at org.junit.internal.runners.statements.FailOnTimeout$CallableStatement.call(FailOnTimeout.java:298)
        	at org.junit.internal.runners.statements.FailOnTimeout$CallableStatement.call(FailOnTimeout.java:292)
        	at java.util.concurrent.FutureTask.run(FutureTask.java:266)
        	at java.lang.Thread.run(Thread.java:748)

-   PASS: (weight=0.5) testDuplicateDocuments
-   PASS: (weight=1.0) testQuerySameAsDoc
-   PASS: (weight=1.0) testQueryWithNoSimilarWords
-   PASS: (weight=1.0) testQueryWithRepeatedWords
-   PASS: (weight=1.0) testSingleDocument
-   PASS: (weight=1.0) testSpecExampleVectorCreation
-   PASS: (weight=1.0) testSpecExampleAgainstQuery

## PageRankAnalyzer

Score: 18 / 25

-   PASS: (weight=1.0) testComputePageRankRuntime
-   PASS: (weight=1.0) testConstructorDoesNotMutateInput
-   FAIL: (weight=1.0) testConstructorRuntimeLenient
        Description: Tests whether your constructor can run in under 10 seconds given many pages
            (order of magnitude 1000, each with order of magnitude 100 links).
        java.lang.AssertionError: Constructor runtime should be less than 10.0 seconds, but was 181.032 seconds.
        	at org.junit.Assert.fail(Assert.java:88)
        	at org.junit.Assert.assertTrue(Assert.java:41)
        	at secret.TestSecretPageRankAnalyzer.assertConstructorRuntimeLessThan(TestSecretPageRankAnalyzer.java:382)
        	at secret.TestSecretPageRankAnalyzer.testConstructorRuntimeLenient(TestSecretPageRankAnalyzer.java:399)
        	at sun.reflect.NativeMethodAccessorImpl.invoke0(Native Method)
        	at sun.reflect.NativeMethodAccessorImpl.invoke(NativeMethodAccessorImpl.java:62)
        	at sun.reflect.DelegatingMethodAccessorImpl.invoke(DelegatingMethodAccessorImpl.java:43)
        	at java.lang.reflect.Method.invoke(Method.java:498)
        	at org.junit.runners.model.FrameworkMethod$1.runReflectiveCall(FrameworkMethod.java:50)
        	at org.junit.internal.runners.model.ReflectiveCallable.run(ReflectiveCallable.java:12)
        	at org.junit.runners.model.FrameworkMethod.invokeExplosively(FrameworkMethod.java:47)
        	at org.junit.internal.runners.statements.InvokeMethod.evaluate(InvokeMethod.java:17)
        	at org.junit.internal.runners.statements.FailOnTimeout$CallableStatement.call(FailOnTimeout.java:298)
        	at org.junit.internal.runners.statements.FailOnTimeout$CallableStatement.call(FailOnTimeout.java:292)
        	at java.util.concurrent.FutureTask.run(FutureTask.java:266)
        	at java.lang.Thread.run(Thread.java:748)

-   FAIL: (weight=0.5) testConstructorRuntimeNormal
        Description: Tests whether your constructor can run in under 5 seconds given many pages
            (order of magnitude 1000, each with order of magnitude 100 links).
        java.lang.AssertionError: Constructor runtime should be less than 5.0 seconds, but was 181.032 seconds.
        	at org.junit.Assert.fail(Assert.java:88)
        	at org.junit.Assert.assertTrue(Assert.java:41)
        	at secret.TestSecretPageRankAnalyzer.assertConstructorRuntimeLessThan(TestSecretPageRankAnalyzer.java:382)
        	at secret.TestSecretPageRankAnalyzer.testConstructorRuntimeNormal(TestSecretPageRankAnalyzer.java:394)
        	at sun.reflect.NativeMethodAccessorImpl.invoke0(Native Method)
        	at sun.reflect.NativeMethodAccessorImpl.invoke(NativeMethodAccessorImpl.java:62)
        	at sun.reflect.DelegatingMethodAccessorImpl.invoke(DelegatingMethodAccessorImpl.java:43)
        	at java.lang.reflect.Method.invoke(Method.java:498)
        	at org.junit.runners.model.FrameworkMethod$1.runReflectiveCall(FrameworkMethod.java:50)
        	at org.junit.internal.runners.model.ReflectiveCallable.run(ReflectiveCallable.java:12)
        	at org.junit.runners.model.FrameworkMethod.invokeExplosively(FrameworkMethod.java:47)
        	at org.junit.internal.runners.statements.InvokeMethod.evaluate(InvokeMethod.java:17)
        	at org.junit.internal.runners.statements.FailOnTimeout$CallableStatement.call(FailOnTimeout.java:298)
        	at org.junit.internal.runners.statements.FailOnTimeout$CallableStatement.call(FailOnTimeout.java:292)
        	at java.util.concurrent.FutureTask.run(FutureTask.java:266)
        	at java.lang.Thread.run(Thread.java:748)

-   FAIL: (weight=0.5) testConstructorRuntimeStrict
        Description: Tests whether your constructor can run in under 2.5 seconds given many pages
            (order of magnitude 1000, each with order of magnitude 100 links).
        java.lang.AssertionError: Constructor runtime should be less than 2.5 seconds, but was 181.032 seconds.
        	at org.junit.Assert.fail(Assert.java:88)
        	at org.junit.Assert.assertTrue(Assert.java:41)
        	at secret.TestSecretPageRankAnalyzer.assertConstructorRuntimeLessThan(TestSecretPageRankAnalyzer.java:382)
        	at secret.TestSecretPageRankAnalyzer.testConstructorRuntimeStrict(TestSecretPageRankAnalyzer.java:389)
        	at sun.reflect.NativeMethodAccessorImpl.invoke0(Native Method)
        	at sun.reflect.NativeMethodAccessorImpl.invoke(NativeMethodAccessorImpl.java:62)
        	at sun.reflect.DelegatingMethodAccessorImpl.invoke(DelegatingMethodAccessorImpl.java:43)
        	at java.lang.reflect.Method.invoke(Method.java:498)
        	at org.junit.runners.model.FrameworkMethod$1.runReflectiveCall(FrameworkMethod.java:50)
        	at org.junit.internal.runners.model.ReflectiveCallable.run(ReflectiveCallable.java:12)
        	at org.junit.runners.model.FrameworkMethod.invokeExplosively(FrameworkMethod.java:47)
        	at org.junit.internal.runners.statements.InvokeMethod.evaluate(InvokeMethod.java:17)
        	at org.junit.internal.runners.statements.FailOnTimeout$CallableStatement.call(FailOnTimeout.java:298)
        	at org.junit.internal.runners.statements.FailOnTimeout$CallableStatement.call(FailOnTimeout.java:292)
        	at java.util.concurrent.FutureTask.run(FutureTask.java:266)
        	at java.lang.Thread.run(Thread.java:748)

-   PASS: (weight=1.0) testExample1EachIteration
        Description: Checks your ranks for each page in example 1 after each iteration.

-   PASS: (weight=0.5) testExample1ZerothIteration
        Description: Tests that using an iteration limit of 0 results in the initial ranks (1/N) for
            every page.

-   PASS: (weight=1.0) testExample3DifferentDelta
-   PASS: (weight=1.0) testExample3EachIteration
        Description: Checks your ranks for each page in example 3 after each iteration.

-   PASS: (weight=1.0) testFullyConnectedPages
-   PASS: (weight=1.0) testLinksToExternalPages
        Description: Tests your ranks given pages that link to pages not included in the input to
            your analyzer.

-   FAIL: (weight=1.0) testManyUnconnectedPages
        Description: Tests your constructor efficiency for pages with no outgoing links.
        org.junit.runners.model.TestTimedOutException: test timed out after 1000 milliseconds
        	at search.analyzers.PageRankAnalyzer.makePageRanks(PageRankAnalyzer.java:141)
        	at search.analyzers.PageRankAnalyzer.<init>(PageRankAnalyzer.java:56)
        	at secret.TestSecretPageRankAnalyzer$Checker.<init>(TestSecretPageRankAnalyzer.java:511)
        	at secret.TestSecretPageRankAnalyzer.checkThat(TestSecretPageRankAnalyzer.java:440)
        	at secret.TestSecretPageRankAnalyzer.testManyUnconnectedPages(TestSecretPageRankAnalyzer.java:307)
        	at sun.reflect.NativeMethodAccessorImpl.invoke0(Native Method)
        	at sun.reflect.NativeMethodAccessorImpl.invoke(NativeMethodAccessorImpl.java:62)
        	at sun.reflect.DelegatingMethodAccessorImpl.invoke(DelegatingMethodAccessorImpl.java:43)
        	at java.lang.reflect.Method.invoke(Method.java:498)
        	at org.junit.runners.model.FrameworkMethod$1.runReflectiveCall(FrameworkMethod.java:50)
        	at org.junit.internal.runners.model.ReflectiveCallable.run(ReflectiveCallable.java:12)
        	at org.junit.runners.model.FrameworkMethod.invokeExplosively(FrameworkMethod.java:47)
        	at org.junit.internal.runners.statements.InvokeMethod.evaluate(InvokeMethod.java:17)
        	at org.junit.internal.runners.statements.FailOnTimeout$CallableStatement.call(FailOnTimeout.java:298)
        	at org.junit.internal.runners.statements.FailOnTimeout$CallableStatement.call(FailOnTimeout.java:292)
        	at java.util.concurrent.FutureTask.run(FutureTask.java:266)
        	at java.lang.Thread.run(Thread.java:748)

-   FAIL: (weight=1.0) testSelfLinks
        Description: Tests your ranks given pages that link to themselves.
        java.lang.AssertionError: Encountered error for http://example.com/a.html Decay=0.8, Epsilon=1.0E-5, limit=3 expected:<0.5> but was:<0.652>
        	at org.junit.Assert.fail(Assert.java:88)
        	at org.junit.Assert.failNotEquals(Assert.java:834)
        	at org.junit.Assert.assertEquals(Assert.java:553)
        	at secret.TestUtils.assertClose(TestUtils.java:23)
        	at secret.TestSecretPageRankAnalyzer$Checker.verify(TestSecretPageRankAnalyzer.java:546)
        	at secret.TestSecretPageRankAnalyzer.testSelfLinks(TestSecretPageRankAnalyzer.java:358)
        	at sun.reflect.NativeMethodAccessorImpl.invoke0(Native Method)
        	at sun.reflect.NativeMethodAccessorImpl.invoke(NativeMethodAccessorImpl.java:62)
        	at sun.reflect.DelegatingMethodAccessorImpl.invoke(DelegatingMethodAccessorImpl.java:43)
        	at java.lang.reflect.Method.invoke(Method.java:498)
        	at org.junit.runners.model.FrameworkMethod$1.runReflectiveCall(FrameworkMethod.java:50)
        	at org.junit.internal.runners.model.ReflectiveCallable.run(ReflectiveCallable.java:12)
        	at org.junit.runners.model.FrameworkMethod.invokeExplosively(FrameworkMethod.java:47)
        	at org.junit.internal.runners.statements.InvokeMethod.evaluate(InvokeMethod.java:17)
        	at org.junit.internal.runners.statements.FailOnTimeout$CallableStatement.call(FailOnTimeout.java:298)
        	at org.junit.internal.runners.statements.FailOnTimeout$CallableStatement.call(FailOnTimeout.java:292)
        	at java.util.concurrent.FutureTask.run(FutureTask.java:266)
        	at java.lang.Thread.run(Thread.java:748)

-   PASS: (weight=1.0) testUnconnectedPages
        Description: Tests your ranks given pages with no outgoing links.

-   PASS: (weight=1.0) testSpecExample1
-   PASS: (weight=1.0) testSpecExample2
-   PASS: (weight=1.0) testSpecExample3
