# Feedback

Group jaguar: xuanry, zydai66

Commit hash: a741df2017da352a25c0460d061d7f6dddbc6b10

Raw score: 42 / 45

## Checkstyle

Score: 5 / 5

## Calculator

Score: 37 / 40

-   PASS: (weight=1.0) testSimplifyBasicArithmeticOperationsWithOnlyNumbers
-   PASS: (weight=1.0) testSimplifyBasicArithmeticOperationsWithVars
-   FAIL: (weight=1.0) testSimplifyDoesNotModifyVarsDictionary
        java.lang.AssertionError: Expected one of [3 + 4 * 2, 11]; got '3 + 8'
        	at org.junit.Assert.fail(Assert.java:88)
        	at secret.TestSecretCalculator.check(TestSecretCalculator.java:195)
        	at secret.TestSecretCalculator.checkSimplify(TestSecretCalculator.java:174)
        	at secret.TestSecretCalculator.testSimplifyDoesNotModifyVarsDictionary(TestSecretCalculator.java:144)
        	at sun.reflect.NativeMethodAccessorImpl.invoke0(Native Method)
        	at sun.reflect.NativeMethodAccessorImpl.invoke(NativeMethodAccessorImpl.java:62)
        	at sun.reflect.DelegatingMethodAccessorImpl.invoke(DelegatingMethodAccessorImpl.java:43)
        	at java.lang.reflect.Method.invoke(Method.java:498)
        	at org.junit.runners.model.FrameworkMethod$1.runReflectiveCall(FrameworkMethod.java:50)
        	at org.junit.internal.runners.model.ReflectiveCallable.run(ReflectiveCallable.java:12)
        	at org.junit.runners.model.FrameworkMethod.invokeExplosively(FrameworkMethod.java:47)
        	at org.junit.internal.runners.statements.InvokeMethod.evaluate(InvokeMethod.java:17)
        	at org.junit.internal.runners.statements.FailOnTimeout$CallableStatement.call(FailOnTimeout.java:298)
        	at org.junit.internal.runners.statements.FailOnTimeout$CallableStatement.call(FailOnTimeout.java:292)
        	at java.util.concurrent.FutureTask.run(FutureTask.java:266)
        	at java.lang.Thread.run(Thread.java:748)

-   PASS: (weight=1.0) testSimplifyHandlesBasicTrig
-   FAIL: (weight=1.0) testSimplifyHandlesDefinedVars
        java.lang.AssertionError: Expected one of [6 + b]; got '3 + 3 + b'
        	at org.junit.Assert.fail(Assert.java:88)
        	at secret.TestSecretCalculator.check(TestSecretCalculator.java:195)
        	at secret.TestSecretCalculator.checkSimplify(TestSecretCalculator.java:174)
        	at secret.TestSecretCalculator.testSimplifyHandlesDefinedVars(TestSecretCalculator.java:131)
        	at sun.reflect.NativeMethodAccessorImpl.invoke0(Native Method)
        	at sun.reflect.NativeMethodAccessorImpl.invoke(NativeMethodAccessorImpl.java:62)
        	at sun.reflect.DelegatingMethodAccessorImpl.invoke(DelegatingMethodAccessorImpl.java:43)
        	at java.lang.reflect.Method.invoke(Method.java:498)
        	at org.junit.runners.model.FrameworkMethod$1.runReflectiveCall(FrameworkMethod.java:50)
        	at org.junit.internal.runners.model.ReflectiveCallable.run(ReflectiveCallable.java:12)
        	at org.junit.runners.model.FrameworkMethod.invokeExplosively(FrameworkMethod.java:47)
        	at org.junit.internal.runners.statements.InvokeMethod.evaluate(InvokeMethod.java:17)
        	at org.junit.internal.runners.statements.FailOnTimeout$CallableStatement.call(FailOnTimeout.java:298)
        	at org.junit.internal.runners.statements.FailOnTimeout$CallableStatement.call(FailOnTimeout.java:292)
        	at java.util.concurrent.FutureTask.run(FutureTask.java:266)
        	at java.lang.Thread.run(Thread.java:748)

-   PASS: (weight=1.0) testSimplifyHandlesDivisionAndPow
-   PASS: (weight=1.0) testToDoubleBasicArithmeticOperations
-   PASS: (weight=1.0) testToDoubleBasicTrig
-   PASS: (weight=1.0) testToDoubleComplexArithmetic
-   PASS: (weight=1.0) testToDoubleComplexWithVariables
-   PASS: (weight=1.0) testToDoubleDoesNotModifyVarsDictionary
-   PASS: (weight=1.0) testToDoubleWithUndefinedVariables
-   PASS: (weight=1.0) testToDoubleWithUnknownOperation
-   PASS: (weight=1.0) testToDoubleWithVariables
-   PASS: (weight=1.0) basicTestSimplify
-   PASS: (weight=1.0) basicTestToDouble
-   PASS: (weight=1.0) testExample1BasicMath
-   PASS: (weight=1.0) testExample2VariableRedefinition
-   PASS: (weight=1.0) testExample3SymbolicEvaluation
-   PASS: (weight=1.0) testPlot
-   PASS: (weight=1.0) testPlotCleansUpVariable
-   PASS: (weight=1.0) testPlotOnInvalidInputThrowsException
-   PASS: (weight=1.0) testPlotOnUndefinedThrowsException
-   PASS: (weight=1.0) testSimplifyArithmeticOperators
-   PASS: (weight=1.0) testSimplifyDoesNotMutateVariables
-   PASS: (weight=1.0) testSimplifyTallAst
-   PASS: (weight=1.0) testSimplifyTrigOperators
-   PASS: (weight=1.0) testToDouble
-   PASS: (weight=1.0) testToDoubleOnUndefinedThrowsException
